SF:lib/data/database/db_sevices.dart
DA:6,3
DA:9,1
DA:11,2
DA:24,1
DA:25,1
DA:26,0
DA:28,1
DA:33,1
DA:36,1
DA:38,0
DA:39,0
DA:42,1
DA:45,0
DA:48,0
DA:54,1
DA:55,2
DA:58,2
DA:60,4
DA:65,1
DA:66,1
DA:67,2
DA:68,2
DA:73,0
DA:74,1
DA:81,1
DA:82,2
DA:83,3
DA:85,1
DA:92,1
DA:93,1
DA:94,2
DA:95,4
DA:96,1
DA:102,1
DA:106,0
LF:35
LH:28
end_of_record
SF:lib/domain/model/task_model.dart
DA:10,1
DA:18,1
DA:19,2
DA:20,2
DA:21,2
DA:22,4
DA:23,3
DA:26,1
DA:27,1
DA:28,2
DA:29,2
DA:30,2
DA:31,3
DA:32,3
LF:14
LH:14
end_of_record
SF:lib/app/utils/extensions.dart
DA:2,1
DA:3,1
LF:2
LH:2
end_of_record
